<?xml version="1.0" encoding="UTF-8"?>
<!-- Generated by org.testng.reporters.JUnitReportReporter -->
<testsuite hostname="LAPTOP-CFL4IMGJ" failures="0" tests="1" name="Demo.Test.FirstProgram3" time="0.000" errors="0" timestamp="2022-04-07T17:41:03 IST" skipped="0">
  <testcase classname="Demo.Test.FirstProgram3" name="m3" time="0.000"/>
  <system-out/>
</testsuite> <!-- Demo.Test.FirstProgram3 -->
