<?xml version="1.0" encoding="UTF-8"?>
<!-- Generated by org.testng.reporters.JUnitReportReporter -->
<testsuite hostname="LAPTOP-CFL4IMGJ" failures="0" tests="1" name="Demo.Test.FirstProgram" time="13.441" errors="0" timestamp="2022-04-09T20:11:22 IST" skipped="0">
  <testcase classname="Demo.Test.FirstProgram" name="First" time="13.441"/>
  <system-out/>
</testsuite> <!-- Demo.Test.FirstProgram -->
