<?xml version="1.0" encoding="UTF-8"?>
<!-- Generated by org.testng.reporters.JUnitReportReporter -->
<testsuite hostname="LAPTOP-CFL4IMGJ" failures="0" tests="1" name="Demo.Test.SecondScenarioAmazon" time="17.834" errors="0" timestamp="2022-04-12T00:25:24 IST" skipped="0">
  <testcase classname="Demo.Test.SecondScenarioAmazon" name="First" time="17.834"/>
  <system-out/>
</testsuite> <!-- Demo.Test.SecondScenarioAmazon -->
