<?xml version="1.0" encoding="UTF-8"?>
<!-- Generated by org.testng.reporters.JUnitReportReporter -->
<testsuite hostname="LAPTOP-CFL4IMGJ" failures="0" tests="4" name="Demo.Test.FirstProgram4" time="0.008" errors="0" timestamp="2022-04-07T17:51:20 IST" skipped="0">
  <testcase classname="Demo.Test.FirstProgram4" name="m" time="0.005"/>
  <system-out/>
  <testcase classname="Demo.Test.FirstProgram4" name="n" time="0.001"/>
  <system-out/>
  <testcase classname="Demo.Test.FirstProgram4" name="m3" time="0.001"/>
  <system-out/>
  <testcase classname="Demo.Test.FirstProgram4" name="m2" time="0.001"/>
  <system-out/>
</testsuite> <!-- Demo.Test.FirstProgram4 -->
