<?xml version="1.0" encoding="UTF-8"?>
<!-- Generated by org.testng.reporters.JUnitReportReporter -->
<testsuite hostname="LAPTOP-CFL4IMGJ" failures="0" tests="1" name="Demo.Test.SecondProgram" time="17.741" errors="0" timestamp="2022-04-09T20:53:18 IST" skipped="0">
  <testcase classname="Demo.Test.SecondProgram" name="First" time="17.741"/>
  <system-out/>
</testsuite> <!-- Demo.Test.SecondProgram -->
