<?xml version="1.0" encoding="UTF-8"?>
<!-- Generated by org.testng.reporters.JUnitReportReporter -->
<testsuite hostname="LAPTOP-CFL4IMGJ" failures="0" tests="2" name="Demo.Test.FirstProgram5" time="45.931" errors="0" timestamp="2022-04-08T19:47:58 IST" skipped="0">
  <testcase classname="Demo.Test.FirstProgram5" name="First" time="25.149"/>
  <system-out/>
  <testcase classname="Demo.Test.FirstProgram5" name="Second" time="20.782"/>
  <system-out/>
</testsuite> <!-- Demo.Test.FirstProgram5 -->
