<?xml version="1.0" encoding="UTF-8"?>
<!-- Generated by org.testng.reporters.JUnitReportReporter -->
<testsuite hostname="LAPTOP-CFL4IMGJ" failures="0" tests="1" name="Demo.Test.FirstScenarioFlipkart" time="19.719" errors="0" timestamp="2022-04-12T00:22:52 IST" skipped="0">
  <testcase classname="Demo.Test.FirstScenarioFlipkart" name="First" time="19.719"/>
  <system-out/>
</testsuite> <!-- Demo.Test.FirstScenarioFlipkart -->
