<?xml version="1.0" encoding="UTF-8"?>
<!-- Generated by org.testng.reporters.JUnitReportReporter -->
<testsuite hostname="LAPTOP-CFL4IMGJ" failures="0" tests="1" name="Demo.Test.TestProgram" time="11.588" errors="0" timestamp="2022-04-09T14:59:03 IST" skipped="0">
  <testcase classname="Demo.Test.TestProgram" name="Second" time="11.588"/>
  <system-out/>
</testsuite> <!-- Demo.Test.TestProgram -->
