<?xml version="1.0" encoding="UTF-8"?>
<!-- Generated by org.testng.reporters.JUnitReportReporter -->
<testsuite hostname="LAPTOP-CFL4IMGJ" failures="0" tests="1" name="scenarios.FirstScenarioFlipkart" time="11.701" errors="0" timestamp="2022-04-12T10:03:06 IST" skipped="0">
  <testcase classname="scenarios.FirstScenarioFlipkart" name="First" time="11.701"/>
  <system-out/>
</testsuite> <!-- scenarios.FirstScenarioFlipkart -->
