<?xml version="1.0" encoding="UTF-8"?>
<!-- Generated by org.testng.reporters.JUnitReportReporter -->
<testsuite hostname="LAPTOP-CFL4IMGJ" failures="0" tests="1" name="Demo.Test.FirstScenarioFlipkart" time="13.032" errors="0" timestamp="2022-04-10T17:08:42 IST" skipped="0">
  <testcase classname="Demo.Test.FirstScenarioFlipkart" name="First" time="13.032"/>
  <system-out/>
</testsuite> <!-- Demo.Test.FirstScenarioFlipkart -->
